<?xml version="1.0" encoding="UTF-8"?>
<testsuite name="de.foocorp.AnotherClassNoFailuresTest" tests="2" skipped="0" failures="0" errors="0" timestamp="2016-03-10T16:21:21" hostname="nb162" time="0.002">
  <properties/>
  <testcase name="testMult1" classname="de.foocorp.AnotherClassNoFailuresTest" time="0.002"/>
  <testcase name="testMult2" classname="de.foocorp.AnotherClassNoFailuresTest" time="0.0"/>
  <system-out><![CDATA[]]></system-out>
  <system-err><![CDATA[]]></system-err>
</testsuite>
